<?xml version="1.0" encoding="UTF-8"?>
<!-- Generated by org.testng.reporters.JUnitReportReporter -->
<testsuite hostname="Subhendu" failures="0" tests="1" name="FirstTest" time="6.410" errors="0" timestamp="2023-08-04T18:11:41 IST" skipped="0">
  <testcase classname="FirstTest" name="TestGooggle" time="6.410"/>
  <system-out/>
</testsuite> <!-- FirstTest -->
